
> pecutus-travel@1.0.0 start /root/travelexplorator
> node server.js

listening on port 3000...
Getting images for Brazil ...
Getting images for Argentina ...
Getting images for Chile ...
Getting images for Peru ...
Getting images for Colombia ...
Getting images for Bolivia ...
547 'images scrapped for' 'Chile'
554 'images scrapped for' 'Colombia'
540 'images scrapped for' 'Argentina'
533 'images scrapped for' 'Peru'
540 'images scrapped for' 'Bolivia'
554 'images scrapped for' 'Brazil'
Getting images for USA ...
Getting images for Canada ...
Getting images for Mexico ...
547 'images scrapped for' 'Mexico'
568 'images scrapped for' 'Canada'
554 'images scrapped for' 'USA'
Getting images for USA ...
Getting images for Canada ...
Getting images for Mexico ...
568 'images scrapped for' 'Canada'
547 'images scrapped for' 'Mexico'
554 'images scrapped for' 'USA'

> pecutus-travel@1.0.0 start /root/travelexplorator
> node server.js

events.js:174
      throw er; // Unhandled 'error' event
      ^

Error: listen EADDRINUSE: address already in use :::3000
    at Server.setupListenHandle [as _listen2] (net.js:1279:14)
    at listenInCluster (net.js:1327:12)
    at Server.listen (net.js:1414:7)
    at Function.listen (/root/travelexplorator/node_modules/express/lib/application.js:618:24)
    at Object.<anonymous> (/root/travelexplorator/server.js:72:5)
    at Module._compile (internal/modules/cjs/loader.js:776:30)
    at Object.Module._extensions..js (internal/modules/cjs/loader.js:787:10)
    at Module.load (internal/modules/cjs/loader.js:653:32)
    at tryModuleLoad (internal/modules/cjs/loader.js:593:12)
    at Function.Module._load (internal/modules/cjs/loader.js:585:3)
Emitted 'error' event at:
    at emitErrorNT (net.js:1306:8)
    at process._tickCallback (internal/process/next_tick.js:63:19)
    at Function.Module.runMain (internal/modules/cjs/loader.js:832:11)
    at startup (internal/bootstrap/node.js:283:19)
    at bootstrapNodeJSCore (internal/bootstrap/node.js:622:3)
npm ERR! code ELIFECYCLE
npm ERR! errno 1
npm ERR! pecutus-travel@1.0.0 start: `node server.js`
npm ERR! Exit status 1
npm ERR! 
npm ERR! Failed at the pecutus-travel@1.0.0 start script.
npm ERR! This is probably not a problem with npm. There is likely additional logging output above.

npm ERR! A complete log of this run can be found in:
npm ERR!     /root/.npm/_logs/2019-09-21T14_20_52_865Z-debug.log
Getting images for Kenya ...
Getting images for Tunisia ...
Getting images for Egypt ...
Getting images for SouthAfrica ...
Getting images for Morocco ...
477 'images scrapped for' 'SouthAfrica'
540 'images scrapped for' 'Kenya'
561 'images scrapped for' 'Egypt'
533 'images scrapped for' 'Morocco'
554 'images scrapped for' 'Tunisia'
Getting images for USA ...
Getting images for Canada ...
Getting images for Mexico ...
568 'images scrapped for' 'Canada'
554 'images scrapped for' 'Mexico'
554 'images scrapped for' 'USA'
Getting images for USA ...
Getting images for Canada ...
Getting images for Mexico ...
568 'images scrapped for' 'Canada'
554 'images scrapped for' 'Mexico'
554 'images scrapped for' 'USA'
Getting images for USA ...
Getting images for Canada ...
Getting images for Mexico ...
554 'images scrapped for' 'Mexico'
554 'images scrapped for' 'USA'
568 'images scrapped for' 'Canada'
Getting images for Brazil ...
Getting images for Argentina ...
Getting images for Chile ...
Getting images for Peru ...
Getting images for Colombia ...
Getting images for Bolivia ...
533 'images scrapped for' 'Peru'
561 'images scrapped for' 'Colombia'
554 'images scrapped for' 'Brazil'
540 'images scrapped for' 'Bolivia'
540 'images scrapped for' 'Argentina'
547 'images scrapped for' 'Chile'
Getting images for USA ...
Getting images for Canada ...
Getting images for Mexico ...
568 'images scrapped for' 'Canada'
554 'images scrapped for' 'Mexico'
554 'images scrapped for' 'USA'
Getting images for China ...
Getting images for Japan ...
Getting images for Korea ...
Getting images for Singapore ...
Getting images for Malaysia ...
Getting images for HongKong ...
Getting images for Vietnam ...
547 'images scrapped for' 'Japan'
568 'images scrapped for' 'HongKong'
561 'images scrapped for' 'Singapore'
561 'images scrapped for' 'Korea'
561 'images scrapped for' 'Vietnam'
568 'images scrapped for' 'Malaysia'
568 'images scrapped for' 'China'
Getting images for China ...
Getting images for Japan ...
Getting images for Korea ...
Getting images for Singapore ...
Getting images for Malaysia ...
Getting images for HongKong ...
Getting images for Vietnam ...
568 'images scrapped for' 'Japan'
554 'images scrapped for' 'Korea'
554 'images scrapped for' 'China'
568 'images scrapped for' 'Vietnam'
561 'images scrapped for' 'Singapore'
568 'images scrapped for' 'Malaysia'
568 'images scrapped for' 'HongKong'
Getting images for Australia ...
Getting images for NewZealand ...
Getting images for NewCaledonia ...
561 'images scrapped for' 'Australia'
533 'images scrapped for' 'NewCaledonia'
547 'images scrapped for' 'NewZealand'
Getting images for USA ...
Getting images for Canada ...
Getting images for Mexico ...
568 'images scrapped for' 'USA'
512 'images scrapped for' 'Canada'
540 'images scrapped for' 'Mexico'
Getting images for Kenya ...
Getting images for Tunisia ...
Getting images for Egypt ...
Getting images for SouthAfrica ...
Getting images for Morocco ...
561 'images scrapped for' 'Morocco'
491 'images scrapped for' 'SouthAfrica'
561 'images scrapped for' 'Tunisia'
561 'images scrapped for' 'Egypt'
540 'images scrapped for' 'Kenya'
Getting images for Brazil ...
Getting images for Argentina ...
Getting images for Chile ...
Getting images for Peru ...
Getting images for Colombia ...
Getting images for Bolivia ...
568 'images scrapped for' 'Peru'
561 'images scrapped for' 'Colombia'
547 'images scrapped for' 'Bolivia'
540 'images scrapped for' 'Argentina'
554 'images scrapped for' 'Brazil'
554 'images scrapped for' 'Chile'
Getting images for USA ...
Getting images for Canada ...
Getting images for Mexico ...
540 'images scrapped for' 'Mexico'
512 'images scrapped for' 'Canada'
568 'images scrapped for' 'USA'
Getting images for Australia ...
Getting images for NewZealand ...
Getting images for NewCaledonia ...
561 'images scrapped for' 'Australia'
533 'images scrapped for' 'NewCaledonia'
547 'images scrapped for' 'NewZealand'
Getting images for USA ...
Getting images for Canada ...
Getting images for Mexico ...
512 'images scrapped for' 'Canada'
533 'images scrapped for' 'Mexico'
568 'images scrapped for' 'USA'
Getting images for Australia ...
Getting images for NewZealand ...
Getting images for NewCaledonia ...
533 'images scrapped for' 'NewCaledonia'
547 'images scrapped for' 'NewZealand'
561 'images scrapped for' 'Australia'
